lib/pingpp_one/build/outputs/logs/manifest-merger-debug-report.txt
-- Merging decision tree log ---
manifest
ADDED from lib\pingpp_one\AndroidManifest.xml:1:1-8:12
INJECTED from lib\pingpp_one\AndroidManifest.xml:1:1-8:12
INJECTED from lib\pingpp_one\AndroidManifest.xml:1:1-8:12
	package
		ADDED from lib\pingpp_one\AndroidManifest.xml:2:5-38
		INJECTED from lib\pingpp_one\AndroidManifest.xml
		INJECTED from lib\pingpp_one\AndroidManifest.xml
	xmlns:android
		ADDED from lib\pingpp_one\AndroidManifest.xml:1:11-69
uses-sdk
ADDED from lib\pingpp_one\AndroidManifest.xml:4:5-6:41
INJECTED from lib\pingpp_one\AndroidManifest.xml:4:5-6:41
INJECTED from lib\pingpp_one\AndroidManifest.xml:4:5-6:41
INJECTED from lib\pingpp_one\AndroidManifest.xml:4:5-6:41
INJECTED from lib\pingpp_one\AndroidManifest.xml:4:5-6:41
	android:targetSdkVersion
		ADDED from lib\pingpp_one\AndroidManifest.xml:6:9-38
		INJECTED from lib\pingpp_one\AndroidManifest.xml
		INJECTED from lib\pingpp_one\AndroidManifest.xml
	android:minSdkVersion
		ADDED from lib\pingpp_one\AndroidManifest.xml:5:9-34
		INJECTED from lib\pingpp_one\AndroidManifest.xml
		INJECTED from lib\pingpp_one\AndroidManifest.xml